27-Jul-2021 08:15:28.500 INFO [localhost-startStop-2] org.apache.catalina.core.ApplicationContext.log 1 Spring WebApplicationInitializers detected on classpath
27-Jul-2021 08:15:43.180 INFO [localhost-startStop-1] org.apache.catalina.core.ApplicationContext.log Marking servlet [jsp] as unavailable
27-Jul-2021 08:15:43.194 SEVERE [localhost-startStop-1] org.apache.catalina.core.StandardContext.loadOnStartup Servlet [jsp] in web application [/artifactory] threw load() exception
	java.lang.ClassNotFoundException: org.apache.jasper.servlet.JspServlet
		at org.apache.catalina.loader.WebappClassLoaderBase.loadClass(WebappClassLoaderBase.java:1372)
		at org.apache.catalina.loader.WebappClassLoaderBase.loadClass(WebappClassLoaderBase.java:1195)
		at org.apache.catalina.core.DefaultInstanceManager.loadClass(DefaultInstanceManager.java:545)
		at org.apache.catalina.core.DefaultInstanceManager.loadClassMaybePrivileged(DefaultInstanceManager.java:526)
		at org.apache.catalina.core.DefaultInstanceManager.newInstance(DefaultInstanceManager.java:150)
		at org.apache.catalina.core.StandardWrapper.loadServlet(StandardWrapper.java:1043)
		at org.apache.catalina.core.StandardWrapper.load(StandardWrapper.java:984)
		at org.apache.catalina.core.StandardContext.loadOnStartup(StandardContext.java:4891)
		at org.apache.catalina.core.StandardContext.startInternal(StandardContext.java:5202)
		at org.apache.catalina.util.LifecycleBase.start(LifecycleBase.java:183)
		at org.apache.catalina.core.ContainerBase.addChildInternal(ContainerBase.java:743)
		at org.apache.catalina.core.ContainerBase.addChild(ContainerBase.java:719)
		at org.apache.catalina.core.StandardHost.addChild(StandardHost.java:691)
		at org.apache.catalina.startup.HostConfig.deployDescriptor(HostConfig.java:672)
		at org.apache.catalina.startup.HostConfig$DeployDescriptor.run(HostConfig.java:1873)
		at java.base/java.util.concurrent.Executors$RunnableAdapter.call(Executors.java:515)
		at java.base/java.util.concurrent.FutureTask.run(FutureTask.java:264)
		at java.base/java.util.concurrent.ThreadPoolExecutor.runWorker(ThreadPoolExecutor.java:1128)
		at java.base/java.util.concurrent.ThreadPoolExecutor$Worker.run(ThreadPoolExecutor.java:628)
		at java.base/java.lang.Thread.run(Thread.java:834)
27-Jul-2021 08:15:49.432 INFO [localhost-startStop-2] org.apache.catalina.core.ApplicationContext.log Initializing Spring embedded WebApplicationContext
27-Jul-2021 08:16:06.844 INFO [localhost-startStop-2] org.apache.catalina.core.ApplicationContext.log Marking servlet [jsp] as unavailable
27-Jul-2021 08:16:06.845 SEVERE [localhost-startStop-2] org.apache.catalina.core.StandardContext.loadOnStartup Servlet [jsp] in web application [/access] threw load() exception
	java.lang.ClassNotFoundException: org.apache.jasper.servlet.JspServlet
		at org.apache.catalina.loader.WebappClassLoaderBase.loadClass(WebappClassLoaderBase.java:1372)
		at org.apache.catalina.loader.WebappClassLoaderBase.loadClass(WebappClassLoaderBase.java:1195)
		at org.apache.catalina.core.DefaultInstanceManager.loadClass(DefaultInstanceManager.java:545)
		at org.apache.catalina.core.DefaultInstanceManager.loadClassMaybePrivileged(DefaultInstanceManager.java:526)
		at org.apache.catalina.core.DefaultInstanceManager.newInstance(DefaultInstanceManager.java:150)
		at org.apache.catalina.core.StandardWrapper.loadServlet(StandardWrapper.java:1043)
		at org.apache.catalina.core.StandardWrapper.load(StandardWrapper.java:984)
		at org.apache.catalina.core.StandardContext.loadOnStartup(StandardContext.java:4891)
		at org.apache.catalina.core.StandardContext.startInternal(StandardContext.java:5202)
		at org.apache.catalina.util.LifecycleBase.start(LifecycleBase.java:183)
		at org.apache.catalina.core.ContainerBase.addChildInternal(ContainerBase.java:743)
		at org.apache.catalina.core.ContainerBase.addChild(ContainerBase.java:719)
		at org.apache.catalina.core.StandardHost.addChild(StandardHost.java:691)
		at org.apache.catalina.startup.HostConfig.deployDescriptor(HostConfig.java:672)
		at org.apache.catalina.startup.HostConfig$DeployDescriptor.run(HostConfig.java:1873)
		at java.base/java.util.concurrent.Executors$RunnableAdapter.call(Executors.java:515)
		at java.base/java.util.concurrent.FutureTask.run(FutureTask.java:264)
		at java.base/java.util.concurrent.ThreadPoolExecutor.runWorker(ThreadPoolExecutor.java:1128)
		at java.base/java.util.concurrent.ThreadPoolExecutor$Worker.run(ThreadPoolExecutor.java:628)
		at java.base/java.lang.Thread.run(Thread.java:834)
27-Jul-2021 08:16:06.923 INFO [localhost-startStop-3] org.apache.catalina.core.ApplicationContext.log Marking servlet [jsp] as unavailable
27-Jul-2021 08:16:06.939 SEVERE [localhost-startStop-3] org.apache.catalina.core.StandardContext.loadOnStartup Servlet [jsp] in web application [] threw load() exception
	java.lang.ClassNotFoundException: org.apache.jasper.servlet.JspServlet
		at org.apache.catalina.loader.WebappClassLoaderBase.loadClass(WebappClassLoaderBase.java:1372)
		at org.apache.catalina.loader.WebappClassLoaderBase.loadClass(WebappClassLoaderBase.java:1195)
		at org.apache.catalina.core.DefaultInstanceManager.loadClass(DefaultInstanceManager.java:545)
		at org.apache.catalina.core.DefaultInstanceManager.loadClassMaybePrivileged(DefaultInstanceManager.java:526)
		at org.apache.catalina.core.DefaultInstanceManager.newInstance(DefaultInstanceManager.java:150)
		at org.apache.catalina.core.StandardWrapper.loadServlet(StandardWrapper.java:1043)
		at org.apache.catalina.core.StandardWrapper.load(StandardWrapper.java:984)
		at org.apache.catalina.core.StandardContext.loadOnStartup(StandardContext.java:4891)
		at org.apache.catalina.core.StandardContext.startInternal(StandardContext.java:5202)
		at org.apache.catalina.util.LifecycleBase.start(LifecycleBase.java:183)
		at org.apache.catalina.core.ContainerBase.addChildInternal(ContainerBase.java:743)
		at org.apache.catalina.core.ContainerBase.addChild(ContainerBase.java:719)
		at org.apache.catalina.core.StandardHost.addChild(StandardHost.java:691)
		at org.apache.catalina.startup.HostConfig.deployDirectory(HostConfig.java:1176)
		at org.apache.catalina.startup.HostConfig$DeployDirectory.run(HostConfig.java:1917)
		at java.base/java.util.concurrent.Executors$RunnableAdapter.call(Executors.java:515)
		at java.base/java.util.concurrent.FutureTask.run(FutureTask.java:264)
		at java.base/java.util.concurrent.ThreadPoolExecutor.runWorker(ThreadPoolExecutor.java:1128)
		at java.base/java.util.concurrent.ThreadPoolExecutor$Worker.run(ThreadPoolExecutor.java:628)
		at java.base/java.lang.Thread.run(Thread.java:834)
27-Jul-2021 08:17:56.346 INFO [localhost-startStop-4] org.apache.catalina.core.ApplicationContext.log Closing Spring root WebApplicationContext
27-Jul-2021 08:18:35.626 INFO [localhost-startStop-2] org.apache.catalina.core.ApplicationContext.log 1 Spring WebApplicationInitializers detected on classpath
27-Jul-2021 08:18:45.340 INFO [localhost-startStop-1] org.apache.catalina.core.ApplicationContext.log Marking servlet [jsp] as unavailable
27-Jul-2021 08:18:45.350 SEVERE [localhost-startStop-1] org.apache.catalina.core.StandardContext.loadOnStartup Servlet [jsp] in web application [/artifactory] threw load() exception
	java.lang.ClassNotFoundException: org.apache.jasper.servlet.JspServlet
		at org.apache.catalina.loader.WebappClassLoaderBase.loadClass(WebappClassLoaderBase.java:1372)
		at org.apache.catalina.loader.WebappClassLoaderBase.loadClass(WebappClassLoaderBase.java:1195)
		at org.apache.catalina.core.DefaultInstanceManager.loadClass(DefaultInstanceManager.java:545)
		at org.apache.catalina.core.DefaultInstanceManager.loadClassMaybePrivileged(DefaultInstanceManager.java:526)
		at org.apache.catalina.core.DefaultInstanceManager.newInstance(DefaultInstanceManager.java:150)
		at org.apache.catalina.core.StandardWrapper.loadServlet(StandardWrapper.java:1043)
		at org.apache.catalina.core.StandardWrapper.load(StandardWrapper.java:984)
		at org.apache.catalina.core.StandardContext.loadOnStartup(StandardContext.java:4891)
		at org.apache.catalina.core.StandardContext.startInternal(StandardContext.java:5202)
		at org.apache.catalina.util.LifecycleBase.start(LifecycleBase.java:183)
		at org.apache.catalina.core.ContainerBase.addChildInternal(ContainerBase.java:743)
		at org.apache.catalina.core.ContainerBase.addChild(ContainerBase.java:719)
		at org.apache.catalina.core.StandardHost.addChild(StandardHost.java:691)
		at org.apache.catalina.startup.HostConfig.deployDescriptor(HostConfig.java:672)
		at org.apache.catalina.startup.HostConfig$DeployDescriptor.run(HostConfig.java:1873)
		at java.base/java.util.concurrent.Executors$RunnableAdapter.call(Executors.java:515)
		at java.base/java.util.concurrent.FutureTask.run(FutureTask.java:264)
		at java.base/java.util.concurrent.ThreadPoolExecutor.runWorker(ThreadPoolExecutor.java:1128)
		at java.base/java.util.concurrent.ThreadPoolExecutor$Worker.run(ThreadPoolExecutor.java:628)
		at java.base/java.lang.Thread.run(Thread.java:834)
27-Jul-2021 08:18:47.963 INFO [localhost-startStop-2] org.apache.catalina.core.ApplicationContext.log Initializing Spring embedded WebApplicationContext
27-Jul-2021 08:19:03.417 INFO [localhost-startStop-2] org.apache.catalina.core.ApplicationContext.log Marking servlet [jsp] as unavailable
27-Jul-2021 08:19:03.418 SEVERE [localhost-startStop-2] org.apache.catalina.core.StandardContext.loadOnStartup Servlet [jsp] in web application [/access] threw load() exception
	java.lang.ClassNotFoundException: org.apache.jasper.servlet.JspServlet
		at org.apache.catalina.loader.WebappClassLoaderBase.loadClass(WebappClassLoaderBase.java:1372)
		at org.apache.catalina.loader.WebappClassLoaderBase.loadClass(WebappClassLoaderBase.java:1195)
		at org.apache.catalina.core.DefaultInstanceManager.loadClass(DefaultInstanceManager.java:545)
		at org.apache.catalina.core.DefaultInstanceManager.loadClassMaybePrivileged(DefaultInstanceManager.java:526)
		at org.apache.catalina.core.DefaultInstanceManager.newInstance(DefaultInstanceManager.java:150)
		at org.apache.catalina.core.StandardWrapper.loadServlet(StandardWrapper.java:1043)
		at org.apache.catalina.core.StandardWrapper.load(StandardWrapper.java:984)
		at org.apache.catalina.core.StandardContext.loadOnStartup(StandardContext.java:4891)
		at org.apache.catalina.core.StandardContext.startInternal(StandardContext.java:5202)
		at org.apache.catalina.util.LifecycleBase.start(LifecycleBase.java:183)
		at org.apache.catalina.core.ContainerBase.addChildInternal(ContainerBase.java:743)
		at org.apache.catalina.core.ContainerBase.addChild(ContainerBase.java:719)
		at org.apache.catalina.core.StandardHost.addChild(StandardHost.java:691)
		at org.apache.catalina.startup.HostConfig.deployDescriptor(HostConfig.java:672)
		at org.apache.catalina.startup.HostConfig$DeployDescriptor.run(HostConfig.java:1873)
		at java.base/java.util.concurrent.Executors$RunnableAdapter.call(Executors.java:515)
		at java.base/java.util.concurrent.FutureTask.run(FutureTask.java:264)
		at java.base/java.util.concurrent.ThreadPoolExecutor.runWorker(ThreadPoolExecutor.java:1128)
		at java.base/java.util.concurrent.ThreadPoolExecutor$Worker.run(ThreadPoolExecutor.java:628)
		at java.base/java.lang.Thread.run(Thread.java:834)
27-Jul-2021 08:19:03.472 INFO [localhost-startStop-3] org.apache.catalina.core.ApplicationContext.log Marking servlet [jsp] as unavailable
27-Jul-2021 08:19:03.472 SEVERE [localhost-startStop-3] org.apache.catalina.core.StandardContext.loadOnStartup Servlet [jsp] in web application [] threw load() exception
	java.lang.ClassNotFoundException: org.apache.jasper.servlet.JspServlet
		at org.apache.catalina.loader.WebappClassLoaderBase.loadClass(WebappClassLoaderBase.java:1372)
		at org.apache.catalina.loader.WebappClassLoaderBase.loadClass(WebappClassLoaderBase.java:1195)
		at org.apache.catalina.core.DefaultInstanceManager.loadClass(DefaultInstanceManager.java:545)
		at org.apache.catalina.core.DefaultInstanceManager.loadClassMaybePrivileged(DefaultInstanceManager.java:526)
		at org.apache.catalina.core.DefaultInstanceManager.newInstance(DefaultInstanceManager.java:150)
		at org.apache.catalina.core.StandardWrapper.loadServlet(StandardWrapper.java:1043)
		at org.apache.catalina.core.StandardWrapper.load(StandardWrapper.java:984)
		at org.apache.catalina.core.StandardContext.loadOnStartup(StandardContext.java:4891)
		at org.apache.catalina.core.StandardContext.startInternal(StandardContext.java:5202)
		at org.apache.catalina.util.LifecycleBase.start(LifecycleBase.java:183)
		at org.apache.catalina.core.ContainerBase.addChildInternal(ContainerBase.java:743)
		at org.apache.catalina.core.ContainerBase.addChild(ContainerBase.java:719)
		at org.apache.catalina.core.StandardHost.addChild(StandardHost.java:691)
		at org.apache.catalina.startup.HostConfig.deployDirectory(HostConfig.java:1176)
		at org.apache.catalina.startup.HostConfig$DeployDirectory.run(HostConfig.java:1917)
		at java.base/java.util.concurrent.Executors$RunnableAdapter.call(Executors.java:515)
		at java.base/java.util.concurrent.FutureTask.run(FutureTask.java:264)
		at java.base/java.util.concurrent.ThreadPoolExecutor.runWorker(ThreadPoolExecutor.java:1128)
		at java.base/java.util.concurrent.ThreadPoolExecutor$Worker.run(ThreadPoolExecutor.java:628)
		at java.base/java.lang.Thread.run(Thread.java:834)
